Determining if the pthread_create exist failed with the following output:
Change Dir: /home/jov/tesi_ws/build/CMakeFiles/CMakeTmp

Run Build Command:"/usr/bin/make" "cmTC_c6890/fast"
/usr/bin/make -f CMakeFiles/cmTC_c6890.dir/build.make CMakeFiles/cmTC_c6890.dir/build
make[1]: ingresso nella directory "/home/jov/tesi_ws/build/CMakeFiles/CMakeTmp"
Building C object CMakeFiles/cmTC_c6890.dir/CheckSymbolExists.c.o
/usr/bin/cc     -o CMakeFiles/cmTC_c6890.dir/CheckSymbolExists.c.o   -c /home/jov/tesi_ws/build/CMakeFiles/CMakeTmp/CheckSymbolExists.c
Linking C executable cmTC_c6890
/usr/bin/cmake -E cmake_link_script CMakeFiles/cmTC_c6890.dir/link.txt --verbose=1
/usr/bin/cc       CMakeFiles/cmTC_c6890.dir/CheckSymbolExists.c.o  -o cmTC_c6890 -rdynamic 
CMakeFiles/cmTC_c6890.dir/CheckSymbolExists.c.o: nella funzione "main":
CheckSymbolExists.c:(.text+0x16): riferimento non definito a "pthread_create"
collect2: error: ld returned 1 exit status
CMakeFiles/cmTC_c6890.dir/build.make:97: set di istruzioni per l'obiettivo "cmTC_c6890" non riuscito
make[1]: *** [cmTC_c6890] Errore 1
make[1]: uscita dalla directory "/home/jov/tesi_ws/build/CMakeFiles/CMakeTmp"
Makefile:126: set di istruzioni per l'obiettivo "cmTC_c6890/fast" non riuscito
make: *** [cmTC_c6890/fast] Errore 2

File /home/jov/tesi_ws/build/CMakeFiles/CMakeTmp/CheckSymbolExists.c:
/* */
#include <pthread.h>

int main(int argc, char** argv)
{
  (void)argv;
#ifndef pthread_create
  return ((int*)(&pthread_create))[argc];
#else
  (void)argc;
  return 0;
#endif
}

Determining if the function pthread_create exists in the pthreads failed with the following output:
Change Dir: /home/jov/tesi_ws/build/CMakeFiles/CMakeTmp

Run Build Command:"/usr/bin/make" "cmTC_83776/fast"
/usr/bin/make -f CMakeFiles/cmTC_83776.dir/build.make CMakeFiles/cmTC_83776.dir/build
make[1]: ingresso nella directory "/home/jov/tesi_ws/build/CMakeFiles/CMakeTmp"
Building C object CMakeFiles/cmTC_83776.dir/CheckFunctionExists.c.o
/usr/bin/cc    -DCHECK_FUNCTION_EXISTS=pthread_create   -o CMakeFiles/cmTC_83776.dir/CheckFunctionExists.c.o   -c /usr/share/cmake-3.5/Modules/CheckFunctionExists.c
Linking C executable cmTC_83776
/usr/bin/cmake -E cmake_link_script CMakeFiles/cmTC_83776.dir/link.txt --verbose=1
/usr/bin/cc   -DCHECK_FUNCTION_EXISTS=pthread_create    CMakeFiles/cmTC_83776.dir/CheckFunctionExists.c.o  -o cmTC_83776 -rdynamic -lpthreads 
/usr/bin/ld: impossibile trovare -lpthreads
collect2: error: ld returned 1 exit status
CMakeFiles/cmTC_83776.dir/build.make:97: set di istruzioni per l'obiettivo "cmTC_83776" non riuscito
make[1]: *** [cmTC_83776] Errore 1
make[1]: uscita dalla directory "/home/jov/tesi_ws/build/CMakeFiles/CMakeTmp"
Makefile:126: set di istruzioni per l'obiettivo "cmTC_83776/fast" non riuscito
make: *** [cmTC_83776/fast] Errore 2


